<?xml version="1.0" encoding="UTF-8"?>
<!-- Generated by org.testng.reporters.JUnitReportReporter -->
<testsuite skipped="0" hostname="rohith" name="project.circuit.automation.LoginPageTest" tests="2" failures="0" timestamp="05 Feb 2019 04:24:00 GMT" time="0.247" errors="0">
  <testcase name="loginId" time="0.158" classname="project.circuit.automation.LoginPageTest"/>
  <testcase name="nextButton" time="0.089" classname="project.circuit.automation.LoginPageTest"/>
</testsuite> <!-- project.circuit.automation.LoginPageTest -->
