<?xml version="1.0" encoding="UTF-8"?>
<!-- Generated by org.testng.reporters.JUnitReportReporter -->
<testsuite skipped="0" hostname="rohith" name="project.circuit.automation.PasswordPageTest" tests="2" failures="0" timestamp="05 Feb 2019 03:35:38 GMT" time="1.856" errors="0">
  <testcase name="password" time="0.262" classname="project.circuit.automation.PasswordPageTest"/>
  <testcase name="submit" time="1.594" classname="project.circuit.automation.PasswordPageTest"/>
</testsuite> <!-- project.circuit.automation.PasswordPageTest -->
