<?xml version="1.0" encoding="UTF-8"?>
<!-- Generated by org.testng.reporters.JUnitReportReporter -->
<testsuite skipped="0" hostname="rohith" name="project.circuit.automation.LandingPageTest" tests="2" failures="0" timestamp="05 Feb 2019 03:35:38 GMT" time="6.574" errors="0">
  <testcase name="landingPage_A" time="4.801" classname="project.circuit.automation.LandingPageTest"/>
  <testcase name="landingPage_B" time="1.773" classname="project.circuit.automation.LandingPageTest"/>
</testsuite> <!-- project.circuit.automation.LandingPageTest -->
