<?xml version="1.0" encoding="UTF-8"?>
<!-- Generated by org.testng.reporters.JUnitReportReporter -->
<testsuite skipped="0" hostname="rohith" name="project.circuit.automation.PasswordPageTest" tests="1" failures="0" timestamp="05 Feb 2019 11:18:58 GMT" time="0.448" errors="0">
  <testcase name="password" time="0.448" classname="project.circuit.automation.PasswordPageTest"/>
</testsuite> <!-- project.circuit.automation.PasswordPageTest -->
