<?xml version="1.0" encoding="UTF-8"?>
<!-- Generated by org.testng.reporters.JUnitReportReporter -->
<testsuite skipped="0" hostname="rohith" name="project.circuit.automation.LoginPageTest" tests="1" failures="0" timestamp="21 Feb 2019 23:21:42 GMT" time="0.567" errors="0">
  <testcase name="loginId" time="0.567" classname="project.circuit.automation.LoginPageTest"/>
</testsuite> <!-- project.circuit.automation.LoginPageTest -->
