<?xml version="1.0" encoding="UTF-8"?>
<!-- Generated by org.testng.reporters.JUnitReportReporter -->
<testsuite skipped="0" hostname="rohith" name="project.circuit.automation.LandingPageTest" tests="1" failures="0" timestamp="21 Feb 2019 23:21:42 GMT" time="5.101" errors="0">
  <testcase name="landingPage_A" time="5.101" classname="project.circuit.automation.LandingPageTest"/>
</testsuite> <!-- project.circuit.automation.LandingPageTest -->
